Comparing channel(s) YUV

           Mean               Max    Max             
         Absolute     Mean    Pos.   Neg.            
 Frame     Dev.       Dev.    Dev.   Dev.  PSNR (dB) 
-----------------------------------------------------
     0    0.0000    +0.0000    0      0     96.9160
     1    0.0000    +0.0000    0      0     96.9160
     2    0.0000    +0.0000    0      0     96.9160
     3    0.0000    +0.0000    0      0     96.9160
     4    0.0000    +0.0000    0      0     96.9160
     5    0.0000    +0.0000    0      0     96.9160
     6    0.0000    +0.0000    0      0     96.9160
     7    0.0000    +0.0000    0      0     96.9160
     8    0.0000    +0.0000    0      0     96.9160
     9    0.0000    +0.0000    0      0     96.9160
    10    0.0000    +0.0000    0      0     96.9160
    11    0.0000    +0.0000    0      0     96.9160
    12    4.8396    -1.2864  165    -206     20.0377
    13    4.8306    -1.3956  166    -205     19.9978
    14    4.8131    -1.5693  166    -209     19.8985
    15    4.8147    -1.6270  166    -210     19.8973
    16    4.7788    -1.7463  161    -207     19.9537
    17    4.7653    -1.8599  160    -209     19.9338
    18    4.7425    -2.0947  165    -209     19.7641
    19    4.7142    -2.2051  164    -210     19.7750
    20    5.8745    +1.3001  168    -188     20.2506
    21    5.8674    +1.2965  168    -198     20.2457
    22    5.9138    +1.4722  169    -168     20.2849
    23    5.8871    +1.3787  169    -192     20.2677
    24    5.8981    +1.4113  168    -182     20.2601
    25    5.8911    +1.3883  168    -173     20.2593
    26    5.8813    +1.3603  168    -175     20.2559
    27    5.8913    +1.4042  168    -171     20.2643
    28    6.0160    +1.9574  171    -160     20.1246
    29    6.0918    +2.2070  173    -160     19.9574
    30    5.9762    +1.7366  170    -167     20.1564
    31    5.9014    +1.4052  168    -175     20.2464
    32    5.9003    +1.3878  168    -177     20.2446
    33    5.8974    +1.3783  169    -178     20.2405
    34    5.8929    +1.3706  168    -178     20.2568
    35    5.8597    +1.2656  168    -197     20.2730
    36    5.8695    +1.2917  168    -203     20.2765
    37    5.8414    +1.1184  170    -208     20.1618
    38    5.8364    +1.1152  173    -207     20.1548
    39    5.8429    +1.1579  172    -210     20.1787
    40    5.8245    +1.0787  169    -213     20.1763
    41    5.8216    +1.0624  167    -212     20.1763
    42    5.8185    +1.0474  167    -213     20.1723
    43    5.8329    +1.1168  167    -208     20.2108
    44    5.8410    +1.1170  167    -208     20.2032
    45    5.8262    +1.0578  167    -214     20.1917
    46    5.8246    +1.0756  166    -207     20.2213
    47    5.8334    +1.0546  166    -209     20.1773
    48    5.8178    +1.0566  165    -210     20.2250
    49    5.8137    +1.0472  165    -209     20.2279
    50    5.8212    +1.0589  165    -199     20.2431
    51    5.8294    +1.0775  165    -203     20.2386
    52    5.8222    +1.0541  165    -198     20.2396
    53    5.8118    +1.0393  165    -209     20.2405
    54    5.8178    +1.0587  165    -198     20.2516
    55    5.8190    +1.0359  165    -201     20.2281
    56    5.8108    +1.0299  165    -199     20.2415
    57    5.8057    +1.0166  165    -200     20.2397
    58    5.8052    +1.0057  165    -201     20.2359
    59    5.7962    +0.9497  165    -201     20.2386
    60    5.7887    +0.9304  165    -201     20.2615
    61    5.6945    +0.7016  165    -198     20.3907
    62    5.6695    +0.3703  164    -201     20.3065
    63    5.5478    +0.3896  164    -198     20.4759
    64    5.5775    +0.3539  164    -197     20.4244
    65    5.3438    -0.3010  155    -202     20.5606
    66    5.3093    -0.3741  155    -199     20.6549
    67    5.1389    -0.9603  159    -210     20.2454
    68    4.9976    -1.8293  155    -212     19.8818
    69    4.8269    -2.1355  142    -210     20.2128
    70    5.1870    -0.6798  145    -199     20.6394
    71    4.9895    -1.2422  146    -200     20.6309
    72    4.7846    -1.6833  131    -206     20.7011
    73    4.6864    -1.9425  145    -208     20.5605
    74    4.5426    -2.0830  116    -198     20.7398
    75    4.5179    -2.3465  105    -198     20.5678
    76    4.5899    -1.8467  144    -198     20.6869
    77    4.7118    -1.1608  155    -195     20.6547
    78    4.7899    -0.8791  147    -199     20.6663
    79    0.0000    +0.0000    0      0     96.9160
    80    0.0000    +0.0000    0      0     96.9160
    81    0.0000    +0.0000    0      0     96.9160
    82    0.0000    +0.0000    0      0     96.9160
    83    0.0000    +0.0000    0      0     96.9160
    84    0.0000    +0.0000    0      0     96.9160
    85    0.0000    +0.0000    0      0     96.9160
    86    0.0000    +0.0000    0      0     96.9160
    87    0.0000    +0.0000    0      0     96.9160
    88    0.0000    +0.0000    0      0     96.9160
    89    0.0000    +0.0000    0      0     96.9160
    90    0.0000    +0.0000    0      0     96.9160
    91    0.0000    +0.0000    0      0     96.9160
    92    0.0000    +0.0000    0      0     96.9160
    93    0.0000    +0.0000    0      0     96.9160
    94    0.0000    +0.0000    0      0     96.9160
    95    0.0000    +0.0000    0      0     96.9160
    96    0.0000    +0.0000    0      0     96.9160
    97    0.0000    +0.0000    0      0     96.9160
    98    0.0000    +0.0000    0      0     96.9160
    99    0.0000    +0.0000    0      0     96.9160
   100    0.0000    +0.0000    0      0     96.9160
   101    0.0000    +0.0000    0      0     96.9160
   102    0.0000    +0.0000    0      0     96.9160
   103    0.0000    +0.0000    0      0     96.9160
   104    0.0000    +0.0000    0      0     96.9160
   105    0.0000    +0.0000    0      0     96.9160
   106    0.0000    +0.0000    0      0     96.9160
   107    0.0000    +0.0000    0      0     96.9160
   108    0.0000    +0.0000    0      0     96.9160
   109    0.0000    +0.0000    0      0     96.9160
   110    0.0000    +0.0000    0      0     96.9160
   111    0.0000    +0.0000    0      0     96.9160
   112    0.0000    +0.0000    0      0     96.9160
   113    0.0000    +0.0000    0      0     96.9160
   114    0.0000    +0.0000    0      0     96.9160
   115    0.0000    +0.0000    0      0     96.9160
   116    0.0000    +0.0000    0      0     96.9160
   117    0.0000    +0.0000    0      0     96.9160
   118    0.0000    +0.0000    0      0     96.9160
   119    0.0000    +0.0000    0      0     96.9160
   120    0.0000    +0.0000    0      0     96.9160
   121    0.0000    +0.0000    0      0     96.9160
   122    0.0000    +0.0000    0      0     96.9160
   123    0.0000    +0.0000    0      0     96.9160
   124    0.0000    +0.0000    0      0     96.9160
   125    0.0000    +0.0000    0      0     96.9160
   126    0.0000    +0.0000    0      0     96.9160
   127    0.0000    +0.0000    0      0     96.9160
   128    0.0000    +0.0000    0      0     96.9160
   129    0.0000    +0.0000    0      0     96.9160
   130    0.0000    +0.0000    0      0     96.9160
   131    0.0000    +0.0000    0      0     96.9160
   132    0.0000    +0.0000    0      0     96.9160
   133    0.0000    +0.0000    0      0     96.9160
   134    6.0352    -5.7682  178    -220     17.8210
   135    6.0354    -5.7685  178    -220     17.8209
   136    6.0354    -5.7685  178    -220     17.8209
   137    6.0354    -5.7687  178    -220     17.8209
   138    6.0352    -5.7685  178    -220     17.8209
   139    6.0353    -5.7681  179    -219     17.8209
   140    6.0353    -5.7682  179    -219     17.8209
   141    6.0353    -5.7687  179    -219     17.8211
   142    6.0349    -5.7684  178    -219     17.8214
   143    6.0348    -5.7688  178    -219     17.8215
   144    6.0342    -5.7697  177    -220     17.8224
   145    6.0152    -5.8092  122    -219     17.8461
   146    6.0361    -5.7649  187    -220     17.8180
   147    6.0056    -5.8322   83    -220     17.8512
   148    6.0028    -5.8371   72    -220     17.8521
   149    6.0052    -5.8351   83    -219     17.8512
   150    6.0151    -5.8162  124    -220     17.8472
   151    6.0236    -5.7971  173    -220     17.8375
   152    6.0418    -5.7567  198    -220     17.8098
   153    6.0360    -5.7708  187    -219     17.8207
   154    6.0375    -5.7718  187    -220     17.8193
   155    6.0400    -5.7681  189    -220     17.8156
   156    6.0400    -5.7671  190    -220     17.8150
   157    6.0402    -5.7673  190    -220     17.8149
   158    6.0404    -5.7664  190    -220     17.8148
   159    6.0407    -5.7676  189    -219     17.8147
   160    6.0403    -5.7672  190    -219     17.8147
   161    6.0404    -5.7673  190    -219     17.8147
   162    6.0403    -5.7672  190    -219     17.8147
   163    6.0407    -5.7675  189    -219     17.8146
   164    6.0405    -5.7672  190    -219     17.8145
   165    6.0405    -5.7678  188    -219     17.8150
   166    6.0404    -5.7681  189    -219     17.8153
   167    0.0000    +0.0000    0      0     96.9160
   168    0.0000    +0.0000    0      0     96.9160
   169    0.0000    +0.0000    0      0     96.9160
   170    0.0000    +0.0000    0      0     96.9160
   171    0.0000    +0.0000    0      0     96.9160
   172    0.0000    +0.0000    0      0     96.9160
   173    0.0000    +0.0000    0      0     96.9160
   174    0.0000    +0.0000    0      0     96.9160
   175    0.0000    +0.0000    0      0     96.9160
   176    0.0000    +0.0000    0      0     96.9160
   177   16.0649   -15.8056   41    -220     13.5274
   178   16.0652   -15.8061   41    -220     13.5274
   179   16.0649   -15.8044   43    -220     13.5274
   180   16.0653   -15.8047   43    -220     13.5274
   181   16.0649   -15.8044   43    -220     13.5274
   182   16.0649   -15.8041   43    -220     13.5275
   183   16.0652   -15.8044   43    -220     13.5274
   184   16.0648   -15.8040   43    -220     13.5275
   185   16.0649   -15.8044   43    -220     13.5274
   186   16.0649   -15.8043   43    -220     13.5274
   187   16.0652   -15.8049   43    -220     13.5274
   188   16.0651   -15.8048   43    -220     13.5274
   189   16.0650   -15.8047   45    -219     13.5274
   190   16.0649   -15.8046   45    -219     13.5274
   191   16.0636   -15.8053   43    -220     13.5274
   192   16.0637   -15.8053   43    -220     13.5274
   193   16.0651   -15.8045   44    -219     13.5275
   194   16.0651   -15.8044   44    -219     13.5275
   195   16.0651   -15.8044   44    -219     13.5275
   196   16.0642   -15.8042   43    -219     13.5275
   197   16.0642   -15.8042   43    -219     13.5275
   198   16.0642   -15.8042   43    -219     13.5275
   199   16.0656   -15.8042   46    -219     13.5274
   200   16.0656   -15.8042   46    -219     13.5274
   201   16.0656   -15.8042   46    -219     13.5274
   202   16.0657   -15.8041   46    -219     13.5274
   203   16.0656   -15.8042   46    -219     13.5274
   204   16.0657   -15.8041   46    -219     13.5274
   205   16.0655   -15.8041   46    -219     13.5274
   206   16.0654   -15.8040   46    -219     13.5274
   207   16.0654   -15.8040   46    -219     13.5274
   208   16.0654   -15.8040   46    -219     13.5274
   209   16.0654   -15.8042   46    -219     13.5274
   210   16.0654   -15.8042   46    -219     13.5274
   211   16.0654   -15.8043   46    -219     13.5274
   212   16.0654   -15.8043   46    -219     13.5274
   213   16.0654   -15.8042   46    -219     13.5274
   214   16.0655   -15.8042   46    -219     13.5274
   215   16.0655   -15.8042   46    -219     13.5274
   216   16.0655   -15.8042   46    -219     13.5274
   217   16.0653   -15.8043   46    -219     13.5274
   218   16.0654   -15.8042   46    -219     13.5274
   219   16.0654   -15.8042   46    -219     13.5274
   220   16.0643   -15.8058   44    -220     13.5275
   221   16.0629   -15.8097   14    -220     13.5275
   222   16.0643   -15.8094   17    -220     13.5275
   223   16.0634   -15.8093   18    -220     13.5275
   224   16.0632   -15.8088   19    -220     13.5274
   225   16.0646   -15.8059   43    -220     13.5275
   226   16.0643   -15.8059   43    -220     13.5276
   227   16.0638   -15.8065   39    -220     13.5275
   228   16.0639   -15.8062   39    -220     13.5275
   229   16.0637   -15.8070   39    -220     13.5275
   230   16.0638   -15.8062   39    -220     13.5276
   231   16.0639   -15.8066   39    -220     13.5275
   232   16.0636   -15.8065   38    -220     13.5275
   233   16.0636   -15.8070   38    -220     13.5275
   234   16.0635   -15.8062   38    -220     13.5275
   235   16.0634   -15.8067   38    -220     13.5275
   236   16.0630   -15.8064   38    -220     13.5275
   237   16.0631   -15.8067   38    -220     13.5275
   238   16.0637   -15.8062   38    -220     13.5275
   239   16.0640   -15.8070   38    -220     13.5275
   240   16.0637   -15.8067   38    -220     13.5275
   241   16.0632   -15.8070   38    -219     13.5276
   242   16.0632   -15.8068   38    -220     13.5276
   243   16.0633   -15.8070   38    -220     13.5275
   244   16.0635   -15.8066   38    -220     13.5275
   245   16.0635   -15.8068   38    -220     13.5275
   246   16.0633   -15.8066   38    -220     13.5275
   247   16.0634   -15.8071   38    -219     13.5275
   248   16.0636   -15.8065   38    -220     13.5275
   249   16.0635   -15.8066   38    -220     13.5276
   250   16.0634   -15.8064   38    -220     13.5276
   251   16.0635   -15.8067   38    -220     13.5276
   252   16.0637   -15.8061   38    -220     13.5275
   253   16.0634   -15.8064   38    -219     13.5275
   254   16.0631   -15.8061   38    -220     13.5276
   255   16.0636   -15.8068   38    -220     13.5275
   256   16.0636   -15.8069   38    -220     13.5276
   257   16.0635   -15.8071   38    -220     13.5275
   258    0.0000    +0.0000    0      0     96.9160
   259    0.0000    +0.0000    0      0     96.9160
   260    0.0000    +0.0000    0      0     96.9160
   261    0.0000    +0.0000    0      0     96.9160
   262    0.0000    +0.0000    0      0     96.9160
   263    0.0000    +0.0000    0      0     96.9160
   264    0.0000    +0.0000    0      0     96.9160
   265    0.0000    +0.0000    0      0     96.9160
   266    0.0000    +0.0000    0      0     96.9160
   267    0.0000    +0.0000    0      0     96.9160
   268    0.0000    +0.0000    0      0     96.9160
   269    0.0000    +0.0000    0      0     96.9160
   270    0.0000    +0.0000    0      0     96.9160
   271    0.0000    +0.0000    0      0     96.9160
   272    0.0000    +0.0000    0      0     96.9160
   273    0.0000    +0.0000    0      0     96.9160
   274    4.6793    -4.6087    4    -219     18.8841
   275    4.6792    -4.6087    4    -219     18.8841
   276    4.6792    -4.6088    4    -219     18.8841
   277    4.6796    -4.6091    6    -220     18.8842
   278    4.6796    -4.6090    7    -219     18.8841
   279    4.6796    -4.6090    7    -219     18.8841
   280    4.6796    -4.6090    7    -219     18.8841
   281    4.6796    -4.6090    7    -219     18.8841
   282    4.6796    -4.6090    7    -219     18.8841
   283    4.6796    -4.6090    7    -219     18.8841
   284    4.6796    -4.6090    7    -219     18.8841
   285    4.6796    -4.6090    7    -219     18.8841
   286    4.6796    -4.6090    7    -219     18.8841
   287    4.6796    -4.6090    7    -219     18.8841
   288    4.6796    -4.6090    7    -219     18.8841
   289    4.6796    -4.6090    7    -219     18.8841
   290    4.6796    -4.6090    7    -219     18.8841
   291    4.6796    -4.6090    7    -219     18.8841
   292    4.6796    -4.6090    7    -219     18.8841
   293    4.6796    -4.6090    7    -219     18.8841
   294    4.6795    -4.6089    7    -219     18.8841
   295    4.6795    -4.6089    7    -219     18.8841
   296    4.6795    -4.6089    7    -219     18.8841
   297    4.6796    -4.6089    7    -219     18.8841
   298    4.6795    -4.6089    7    -219     18.8841
   299    4.6795    -4.6089    7    -219     18.8841
   300    4.6795    -4.6089    7    -219     18.8841
   301    4.6796    -4.6089    7    -219     18.8841
   302    4.6796    -4.6089    7    -219     18.8841
   303    4.6796    -4.6089    7    -219     18.8841
   304    4.6796    -4.6089    7    -219     18.8841
   305    4.6793    -4.6088    5    -219     18.8841
   306    4.6793    -4.6088    5    -219     18.8841
   307    4.6793    -4.6088    5    -219     18.8841
   308    4.6793    -4.6088    5    -219     18.8841
   309    4.6793    -4.6088    5    -219     18.8841
   310    4.6793    -4.6088    5    -219     18.8841
   311    4.6793    -4.6088    5    -219     18.8841
   312    4.6793    -4.6088    5    -219     18.8841
   313    4.6793    -4.6088    5    -219     18.8841
   314    4.6792    -4.6088    5    -219     18.8841
   315    4.6793    -4.6089    5    -219     18.8841
   316    4.6793    -4.6088    5    -219     18.8841
   317    4.6793    -4.6089    5    -219     18.8841
   318    4.6793    -4.6089    5    -219     18.8841
   319    4.6793    -4.6089    5    -219     18.8841
   320    4.6793    -4.6089    5    -219     18.8841
   321    4.6793    -4.6089    5    -219     18.8841
   322    4.6792    -4.6088    5    -219     18.8841
   323    4.6793    -4.6089    5    -219     18.8841
   324    4.6793    -4.6089    5    -219     18.8841
   325    4.6793    -4.6089    5    -219     18.8841
   326    4.6792    -4.6089    5    -219     18.8841
   327    4.6792    -4.6089    5    -219     18.8841
   328    4.6792    -4.6089    5    -219     18.8841
   329    4.6792    -4.6089    5    -219     18.8841
   330    4.6792    -4.6089    5    -219     18.8841
   331    4.6792    -4.6089    5    -219     18.8841
   332    4.6792    -4.6089    5    -219     18.8841
   333    4.6792    -4.6089    5    -219     18.8841
   334    4.6793    -4.6090    7    -219     18.8841
   335    4.6796    -4.6090    6    -220     18.8841
   336    4.6795    -4.6091    6    -219     18.8842
   337    4.6795    -4.6094    7    -219     18.8841
   338    4.6793    -4.6090    6    -219     18.8841
   339    4.6793    -4.6091    6    -219     18.8840
   340    0.0000    +0.0000    0      0     96.9160
   341    0.0000    +0.0000    0      0     96.9160
   342    0.0000    +0.0000    0      0     96.9160
   343    0.0000    +0.0000    0      0     96.9160
   344    0.0000    +0.0000    0      0     96.9160
   345    0.0000    +0.0000    0      0     96.9160
   346    0.0000    +0.0000    0      0     96.9160
   347    0.0000    +0.0000    0      0     96.9160
   348    0.0000    +0.0000    0      0     96.9160
   349    0.0000    +0.0000    0      0     96.9160
   350    0.0000    +0.0000    0      0     96.9160
   351    0.0000    +0.0000    0      0     96.9160
   352    0.0000    +0.0000    0      0     96.9160
   353    0.0000    +0.0000    0      0     96.9160
   354    0.0000    +0.0000    0      0     96.9160
   355    0.0000    +0.0000    0      0     96.9160
   356    0.0000    +0.0000    0      0     96.9160
   357    0.0000    +0.0000    0      0     96.9160
   358    0.0000    +0.0000    0      0     96.9160
   359    0.0000    +0.0000    0      0     96.9160
   360    0.0000    +0.0000    0      0     96.9160
   361    0.0000    +0.0000    0      0     96.9160
   362    0.0000    +0.0000    0      0     96.9160
   363    0.0000    +0.0000    0      0     96.9160
   364    0.0000    +0.0000    0      0     96.9160
   365    0.0000    +0.0000    0      0     96.9160
   366    0.0000    +0.0000    0      0     96.9160
   367    0.0000    +0.0000    0      0     96.9160
   368    0.0000    +0.0000    0      0     96.9160
   369    0.0000    +0.0000    0      0     96.9160
   370    0.0000    +0.0000    0      0     96.9160
   371    0.0000    +0.0000    0      0     96.9160
   372    0.0000    +0.0000    0      0     96.9160
   373    0.0000    +0.0000    0      0     96.9160
   374    0.0000    +0.0000    0      0     96.9160
   375    0.0000    +0.0000    0      0     96.9160
   376    0.0000    +0.0000    0      0     96.9160
   377    0.0000    +0.0000    0      0     96.9160
   378    0.0000    +0.0000    0      0     96.9160
   379    0.0000    +0.0000    0      0     96.9160
   380    0.0000    +0.0000    0      0     96.9160
   381    0.0000    +0.0000    0      0     96.9160
   382    0.0000    +0.0000    0      0     96.9160
   383    2.6495    -1.2149   34    -179     23.1577
   384    2.6493    -1.2167   34    -179     23.1557
   385    2.6492    -1.2120   34    -179     23.1621
   386    2.6496    -1.2138   34    -179     23.1597
   387    2.6492    -1.2156   34    -179     23.1575
   388    2.6494    -1.2156   34    -179     23.1580
   389    2.6494    -1.2154   34    -179     23.1585
   390    2.6496    -1.2130   34    -179     23.1613
   391    2.6508    -1.2097   34    -179     23.1623
   392    2.6505    -1.2081   34    -179     23.1674
   393    2.6508    -1.2067   34    -179     23.1680
   394    2.6505    -1.2048   34    -179     23.1699
   395    2.6508    -1.2042   34    -178     23.1717
   396    2.6509    -1.2046   34    -179     23.1695
   397    2.6507    -1.2034   34    -178     23.1714
   398    2.6514    -1.2037   34    -178     23.1693
   399    2.6528    -1.1991   34    -178     23.1725
   400    2.6518    -1.1990   35    -178     23.1761
   401    2.6514    -1.1991   34    -178     23.1759
   402    2.6511    -1.1992   35    -178     23.1768
   403    2.6520    -1.1954   35    -178     23.1798
   404    2.6525    -1.1950   35    -178     23.1797
   405    2.6520    -1.1935   35    -178     23.1837
   406    2.6518    -1.1940   35    -178     23.1855
   407    2.6523    -1.1929   35    -178     23.1843
   408    2.6525    -1.1925   35    -178     23.1845
   409    2.6521    -1.1891   34    -178     23.1905
   410    2.6531    -1.1879   35    -178     23.1892
   411    2.6516    -1.1850   35    -178     23.1973
   412    2.6526    -1.1821   35    -178     23.1990
   413    2.6529    -1.1821   35    -178     23.1983
   414    2.6544    -1.1782   35    -177     23.2025
   415    2.6540    -1.1752   35    -178     23.2080
   416    2.6554    -1.1719   35    -178     23.2079
   417    2.6549    -1.1679   36    -178     23.2139
   418    2.6552    -1.1628   37    -177     23.2211
   419    2.6551    -1.1563   36    -178     23.2317
   420    2.6573    -1.1485   37    -177     23.2378
   421    2.6576    -1.1440   37    -177     23.2442
   422    2.6596    -1.1377   38    -177     23.2490
   423    2.6601    -1.1360   38    -177     23.2507
   424    0.0000    +0.0000    0      0     96.9160
   425    0.0000    +0.0000    0      0     96.9160
   426    0.0000    +0.0000    0      0     96.9160
   427    0.0000    +0.0000    0      0     96.9160
   428    9.6356    -3.9463  122    -178     17.7180
   429    9.6353    -3.9315  120    -179     17.7223
   430    9.6361    -3.8834  120    -178     17.7349
   431    9.6338    -3.8648  123    -178     17.7422
   432    9.6381    -3.8192  121    -179     17.7530
   433    9.6494    -3.7904  121    -179     17.7559
   434    9.6551    -3.7366  122    -180     17.7665
   435    9.6664    -3.6943  123    -179     17.7693
   436    9.6841    -3.6029  136    -179     17.7798
   437    9.7193    -3.4974  144    -180     17.7851
   438    9.7487    -3.3340  148    -180     17.7965
   439    9.7640    -3.1449  150    -180     17.8236
   440    9.7733    -2.9226  151    -179     17.8561
   441    9.8310    -2.6556  153    -179     17.8616
   442    9.8875    -2.3630  154    -176     17.8817
   443    9.9610    -2.0678  155    -176     17.8769
   444   10.0348    -1.7401  164    -175     17.8601
   445   10.0903    -1.4715  167    -175     17.8429
   446   10.0965    -1.2373  169    -174     17.8597
   447   10.1204    -1.0036  169    -174     17.8721
   448   10.1672    -0.8224  169    -174     17.8528
   449   10.1885    -0.6854  169    -175     17.8468
   450   10.1937    -0.5285  169    -174     17.8667
   451   10.2315    -0.3324  170    -173     17.8555
   452   10.2558    -0.1301  170    -174     17.8642
   453   10.2649    +0.0965  170    -173     17.8894
   454   10.2976    +0.3634  171    -173     17.9011
   455   10.3088    +0.5376  171    -173     17.9169
   456   10.3021    +0.6870  171    -172     17.9511
   457   10.3180    +0.8717  173    -171     17.9634
   458   10.3277    +1.0179  173    -171     17.9728
   459   10.3631    +1.1433  173    -172     17.9585
   460   10.3960    +1.2432  174    -172     17.9383
   461   10.4148    +1.3586  174    -171     17.9383
   462   10.4065    +1.5033  173    -171     17.9612
   463   10.4187    +1.6861  174    -171     17.9659
   464   10.4103    +1.7883  174    -171     17.9882
   465   10.4390    +1.9426  174    -170     17.9801
   466   10.4708    +2.0896  174    -170     17.9667
   467   10.4512    +2.1362  174    -168     17.9955
   468   10.4258    +2.1796  174    -167     18.0299
   469   10.4312    +2.1845  174    -161     18.0264
   470   10.4810    +2.2430  174    -157     17.9927
   471   10.4826    +2.2483  174    -153     17.9985
   472   10.4848    +2.2462  174    -155     17.9953
   473   10.4864    +2.2076  174    -154     17.9757
   474   10.5040    +2.2733  175    -152     17.9518
   475   10.5023    +2.2682  174    -152     17.9404
   476   10.5005    +2.2556  175    -152     17.9329
   477   10.5004    +2.2322  175    -152     17.9303
   478   10.5042    +2.2285  175    -153     17.9268
   479   10.5205    +2.2990  176    -152     17.9191
   480   10.5257    +2.3641  176    -152     17.9168
   481   10.5209    +2.3738  177    -152     17.9183
   482   10.5262    +2.4056  178    -152     17.9128
   483   10.5287    +2.3966  178    -152     17.9052
   484   10.5504    +2.4601  178    -151     17.8973
   485   10.5527    +2.4494  178    -152     17.8966
   486   10.5697    +2.5123  177    -152     17.8931
   487   10.5651    +2.4721  177    -152     17.9018
   488   10.5977    +2.5430  177    -150     17.8981
   489   10.5808    +2.5540  177    -150     17.9288
   490   10.6671    +2.6054  178    -149     17.8758
   491   10.7580    +2.6435  177    -148     17.8194
   492   10.7502    +2.7205  176    -146     17.8315
   493    0.0000    +0.0000    0      0     96.9160
   494    0.0000    +0.0000    0      0     96.9160
   495    0.0000    +0.0000    0      0     96.9160
   496    0.0000    +0.0000    0      0     96.9160
   497    0.0000    +0.0000    0      0     96.9160
   498    0.0000    +0.0000    0      0     96.9160
   499    0.0000    +0.0000    0      0     96.9160
   500    0.0000    +0.0000    0      0     96.9160
   501    0.0000    +0.0000    0      0     96.9160
   502    0.0000    +0.0000    0      0     96.9160
   503    0.0000    +0.0000    0      0     96.9160
   504    0.0000    +0.0000    0      0     96.9160
   505    0.0000    +0.0000    0      0     96.9160
   506    0.0000    +0.0000    0      0     96.9160
   507    8.9172    +2.9321  178    -131     18.6399
   508    8.8691    +2.7195  174    -133     18.7022
   509    8.8251    +2.5671  174    -135     18.7464
   510    8.8352    +2.6253  174    -133     18.7464
   511    8.8358    +2.7192  175    -133     18.7522
   512    8.8429    +2.7310  175    -133     18.7411
   513    8.9056    +2.8805  176    -130     18.6718
   514    8.9448    +3.0078  176    -130     18.6597
   515    8.7730    +2.4889  173    -176     18.7888
   516    8.7815    +2.6027  171    -158     18.8047
   517    8.6434    +1.9176  172    -192     18.8579
   518    8.5961    +1.5829  170    -181     18.9473
   519    9.0515    +3.4323  176    -130     18.5027
   520    8.8603    +2.7902  171    -134     18.7172
   521    8.8131    +2.5138  175    -180     18.6810
   522    8.0999    -0.9148  156    -201     18.7437
   523    9.0349    +3.4434  179    -152     18.5280
   524    9.0740    +3.5209  178    -127     18.4834
   525    9.0643    +3.5114  182    -128     18.4761
   526    8.7982    +2.8733  172    -171     18.7558
   527    8.6057    +1.9244  169    -196     18.7993
   528    8.6308    +1.9803  169    -180     18.8806
   529    7.8734    -2.1119  144    -197     18.6038
   530    8.4720    +0.7307  164    -191     18.7354
   531    9.0558    +3.4480  180    -128     18.5213
   532    8.8768    +2.6518  175    -181     18.6138
   533    8.2369    -0.0771  162    -194     18.7878
   534    8.7303    +2.4495  167    -177     18.8597
   535    8.9932    +3.6414  179    -157     18.5596
   536    8.8253    +2.9318  174    -166     18.8041
   537    8.9140    +3.4807  175    -127     18.6920
   538    8.3314    +1.4930  165    -180     19.1122
   539    8.0922    -0.6075  159    -190     18.9113
   540    8.0997    -0.6663  153    -186     18.9797
   541    8.2304    +0.1678  159    -183     19.0968
   542    8.6781    +2.9078  164    -172     18.9624
   543    8.7943    +3.1267  167    -150     18.8694
   544    9.1236    +4.3636  172    -141     18.4078
   545    8.2733    +0.8884  156    -185     18.9128
   546    8.3096    +1.4085  162    -181     18.9835
   547    7.6267    -3.1343  139    -191     18.5561
   548    8.0839    -0.4280  141    -181     19.0385
   549    7.9143    -1.6725  138    -182     18.8264
   550    8.4158    +0.5569  154    -167     19.2034
   551    8.2558    +0.0522  154    -177     18.9960
   552    9.0054    +3.6498  170    -139     18.6378
   553    8.9170    +3.0452  170    -136     18.8683
   554    8.4617    +1.0857  157    -163     19.2132
   555    0.0000    +0.0000    0      0     96.9160
   556    0.0000    +0.0000    0      0     96.9160
   557    0.0000    +0.0000    0      0     96.9160
   558    0.0000    +0.0000    0      0     96.9160
   559    0.0000    +0.0000    0      0     96.9160
   560    0.0000    +0.0000    0      0     96.9160
   561    0.0000    +0.0000    0      0     96.9160
   562    0.0000    +0.0000    0      0     96.9160
   563    9.0471    +2.2721  171    -168     18.8288
   564    8.8666    +1.4560  150    -166     19.0720
   565    9.4506    +3.4939  176    -142     18.5839
   566    9.5176    +3.6485  181    -151     18.4615
   567    9.6465    +3.9881  182    -142     18.3367
   568    9.7003    +4.1331  181    -141     18.2658
   569    9.7272    +4.2517  184    -141     18.2002
   570    9.6005    +3.9473  181    -145     18.3500
   571    9.0013    +1.9899  160    -153     18.9405
   572    8.5371    +0.1293  147    -162     19.1506
   573    9.4074    +3.3671  176    -158     18.4941
   574    9.2250    +2.5854  172    -150     18.6955
   575    9.3359    +2.9275  168    -138     18.7390
   576    9.2690    +2.8050  170    -139     18.7258
   577    9.4756    +3.5866  176    -138     18.5272
   578    9.4664    +3.4739  176    -140     18.5410
   579    9.3590    +3.0579  175    -148     18.6168
   580    9.1944    +2.5234  172    -141     18.7847
   581    9.2579    +2.8081  174    -133     18.7527
   582    9.4095    +3.3243  175    -132     18.6029
   583    9.3222    +2.9999  171    -132     18.7031
   584    9.3484    +3.1255  172    -131     18.6959
   585    9.1457    +2.3715  169    -129     18.8866
   586    9.1446    +2.4842  166    -135     18.8794
   587    9.3487    +3.1395  170    -127     18.7050
   588    9.3425    +3.1678  168    -125     18.7111
   589    9.3018    +3.0322  168    -129     18.7459
   590    9.3541    +3.1766  169    -126     18.6993
   591    9.3659    +3.1971  170    -123     18.6895
   592    9.3702    +3.2271  171    -122     18.6857
   593    9.3691    +3.2343  171    -121     18.6851
   594    9.3743    +3.2441  172    -121     18.6813
   595    9.3680    +3.2462  173    -121     18.6854
   596    9.3653    +3.2772  173    -121     18.6877
   597    9.3707    +3.2922  173    -121     18.6774
   598    9.4030    +3.3338  173    -120     18.6453
   599    9.4162    +3.3319  173    -120     18.6309
   600    9.4310    +3.3526  173    -120     18.6168
   601    9.4337    +3.3351  173    -120     18.6115
   602    9.4479    +3.3603  174    -120     18.5977
   603    9.4613    +3.3836  173    -119     18.5813
   604    9.4774    +3.4237  173    -119     18.5680
   605    9.4802    +3.4398  174    -119     18.5639
   606    9.4926    +3.5015  176    -119     18.5531
   607    9.5102    +3.5638  176    -118     18.5305
   608    9.5479    +3.6518  178    -118     18.4865
   609    9.5730    +3.7789  185    -118     18.4428
   610    9.6382    +3.9401  186    -117     18.3649
   611    9.6802    +4.0457  186    -115     18.3045
   612    9.6971    +4.1355  186    -114     18.2739
   613    9.7118    +4.1381  187    -114     18.2655
   614    9.7493    +4.1428  187    -114     18.2388
   615    9.7876    +4.1550  186    -114     18.2065
   616    9.8098    +4.1794  186    -114     18.1879
   617    9.8083    +4.1590  186    -114     18.1880
   618    9.8102    +4.1762  185    -114     18.1845
   619    9.8072    +4.1974  185    -114     18.1822
   620    9.7983    +4.2485  186    -114     18.1804
   621    9.8221    +4.2941  186    -114     18.1402
   622    9.8541    +4.3320  187    -114     18.1068
   623    9.8543    +4.3079  187    -114     18.1093
   624    9.8380    +4.3015  186    -114     18.1243
   625    9.7944    +4.2630  185    -114     18.1690
   626    9.7436    +4.2187  184    -114     18.2378
   627    9.7460    +4.1811  184    -114     18.2455
   628    9.7830    +4.1510  184    -114     18.2191
   629    9.7932    +4.0670  185    -114     18.2104
   630    9.7948    +4.0523  185    -114     18.2111
   631    9.7899    +4.0428  185    -114     18.2121
   632    9.8122    +4.0988  186    -114     18.1845
   633    9.8351    +4.1828  187    -115     18.1439
   634    9.8635    +4.3098  187    -115     18.0981
   635    9.8704    +4.3503  187    -115     18.0776
   636    9.8810    +4.3495  187    -115     18.0690
   637    9.8817    +4.2838  187    -115     18.0757
   638    0.0000    +0.0000    0      0     96.9160
   639    0.0000    +0.0000    0      0     96.9160
   640    0.0000    +0.0000    0      0     96.9160
   641    0.0000    +0.0000    0      0     96.9160
   642    0.0000    +0.0000    0      0     96.9160
   643    0.0000    +0.0000    0      0     96.9160
   644    0.0000    +0.0000    0      0     96.9160
   645    0.0000    +0.0000    0      0     96.9160
   646    0.0000    +0.0000    0      0     96.9160
   647    0.0000    +0.0000    0      0     96.9160
   648    0.0000    +0.0000    0      0     96.9160
   649    0.0000    +0.0000    0      0     96.9160
   650    0.0000    +0.0000    0      0     96.9160
   651    0.0000    +0.0000    0      0     96.9160
   652    0.0000    +0.0000    0      0     96.9160
   653    0.0000    +0.0000    0      0     96.9160
   654    0.0000    +0.0000    0      0     96.9160
   655    0.0000    +0.0000    0      0     96.9160
   656    0.0000    +0.0000    0      0     96.9160
   657    0.0000    +0.0000    0      0     96.9160
   658    0.0000    +0.0000    0      0     96.9160
   659    0.0000    +0.0000    0      0     96.9160
   660    0.0000    +0.0000    0      0     96.9160
   661    0.0000    +0.0000    0      0     96.9160
   662    0.0000    +0.0000    0      0     96.9160
   663    0.0000    +0.0000    0      0     96.9160
   664    0.0000    +0.0000    0      0     96.9160
   665    0.0000    +0.0000    0      0     96.9160
   666    0.0000    +0.0000    0      0     96.9160
   667    0.0000    +0.0000    0      0     96.9160
   668    0.0000    +0.0000    0      0     96.9160
   669    0.0000    +0.0000    0      0     96.9160
   670    0.0000    +0.0000    0      0     96.9160
   671    0.0000    +0.0000    0      0     96.9160
   672   14.1604    +6.5928  192    -114     16.3867
   673   14.1900    +6.5847  192    -114     16.3737
   674   14.2079    +6.6266  192    -114     16.3634
   675   14.1947    +6.6888  192    -113     16.3621
   676   10.8339    -4.5036   51    -193     17.0995
   677   10.8396    -5.1012   48    -190     16.9245
   678   10.8380    -5.4350   48    -188     16.8414
   679   10.8297    -5.5336   48    -188     16.8171
   680   10.8269    -5.5551   48    -190     16.8167
   681   10.8299    -5.5730   61    -192     16.8098
   682   10.8446    -5.5516   63    -192     16.8072
   683   10.8332    -5.5287   64    -191     16.8191
   684   10.8393    -5.5003   64    -192     16.8248
   685   10.8455    -5.4810   64    -192     16.8261
   686   10.8533    -5.4367   65    -192     16.8320
   687   10.8531    -5.3965   64    -192     16.8430
   688   10.8444    -5.3547   64    -191     16.8617
   689   10.8528    -5.3144   65    -190     16.8707
   690   10.8645    -5.2644   64    -190     16.8795
   691   10.8468    -5.2315   64    -191     16.8977
   692   10.8599    -5.1946   64    -191     16.9004
   693   10.8579    -5.1698   64    -190     16.9093
   694   10.8758    -5.1366   64    -189     16.9095
   695   10.8817    -5.1256   64    -189     16.9075
   696   10.8834    -5.1150   65    -188     16.9108
   697   10.8818    -5.1187   64    -188     16.9098
   698   10.8878    -5.1156   64    -188     16.9056
   699   10.8934    -5.1208   63    -194     16.9009
   700   10.8997    -5.1374   64    -197     16.8935
   701   10.9056    -5.1461   64    -198     16.8872
   702   10.9129    -5.1543   64    -200     16.8797
   703   11.3591    -5.8542   93    -211     16.3063
   704   11.3591    -5.8557   93    -211     16.3056
   705   11.3597    -5.8551   93    -211     16.3057
   706   11.3602    -5.8454   93    -211     16.3064
   707   11.3608    -5.8469   93    -211     16.3065
   708   11.3622    -5.8494   93    -211     16.3048
   709   11.3614    -5.8560   93    -211     16.3049
   710   11.3629    -5.8515   93    -211     16.3052
   711   11.3617    -5.8518   93    -211     16.3049
   712   11.3635    -5.8506   93    -211     16.3051
   713   11.3621    -5.8565   93    -211     16.3042
   714   11.3622    -5.8496   93    -211     16.3052
   715   11.3595    -5.8515   93    -211     16.3060
   716   11.3622    -5.8470   93    -211     16.3060
   717   11.3614    -5.8532   93    -212     16.3053
   718   11.3612    -5.8481   93    -212     16.3054
   719   11.3615    -5.8474   93    -212     16.3054
   720   11.3615    -5.8475   93    -211     16.3054
   721   11.3612    -5.8536   93    -212     16.3051
   722   11.3608    -5.8442   93    -212     16.3068
   723   11.3594    -5.8487   93    -212     16.3063
   724   11.3622    -5.8479   93    -212     16.3059
   725   11.3609    -5.8524   93    -212     16.3048
   726   11.3617    -5.8478   93    -211     16.3050
   727   11.3610    -5.8472   93    -211     16.3061
   728   11.3620    -5.8447   93    -211     16.3060
   729   11.3616    -5.8553   93    -211     16.3039
   730   11.3615    -5.8478   94    -211     16.3061
   731   11.3603    -5.8481   94    -211     16.3060
   732   11.3606    -5.8477   94    -211     16.3064
   733   11.3603    -5.8551   94    -211     16.3055
   734   11.3618    -5.8499   94    -211     16.3055
   735   11.3625    -5.8508   94    -211     16.3051
   736   11.3605    -5.8529   94    -211     16.3055
   737   11.3614    -5.8498   93    -210     16.3059
   738   11.3615    -5.8504   93    -210     16.3049
   739   11.3613    -5.8502   93    -210     16.3050
   740   11.3615    -5.8473   93    -211     16.3060
   741   11.3619    -5.8531   92    -210     16.3044
   742   11.3613    -5.8469   93    -211     16.3057
   743   11.3621    -5.8487   93    -211     16.3058
   744    0.0000    +0.0000    0      0     96.9160
   745    0.0000    +0.0000    0      0     96.9160
   746    0.0000    +0.0000    0      0     96.9160
   747    0.0000    +0.0000    0      0     96.9160
   748    0.0000    +0.0000    0      0     96.9160
   749    0.0000    +0.0000    0      0     96.9160
   750    0.0000    +0.0000    0      0     96.9160
   751    0.0000    +0.0000    0      0     96.9160
   752    0.0000    +0.0000    0      0     96.9160
   753    0.0000    +0.0000    0      0     96.9160
   754    0.0000    +0.0000    0      0     96.9160
   755    0.0000    +0.0000    0      0     96.9160
   756    0.0000    +0.0000    0      0     96.9160
   757    0.0000    +0.0000    0      0     96.9160
   758    0.0000    +0.0000    0      0     96.9160
   759    0.0000    +0.0000    0      0     96.9160
   760    0.0000    +0.0000    0      0     96.9160
   761    0.0000    +0.0000    0      0     96.9160
   762    0.0000    +0.0000    0      0     96.9160
   763    0.0000    +0.0000    0      0     96.9160
   764    0.0000    +0.0000    0      0     96.9160
   765    0.0000    +0.0000    0      0     96.9160
   766    0.0000    +0.0000    0      0     96.9160
   767    0.0000    +0.0000    0      0     96.9160
   768    0.0000    +0.0000    0      0     96.9160
   769   12.7917    -6.3755   96    -212     15.8614
   770   12.7935    -6.3690   96    -212     15.8626
   771   12.7932    -6.3702   96    -212     15.8620
   772   12.7928    -6.3722   96    -212     15.8614
   773   12.7930    -6.3771   96    -212     15.8609
   774   12.7929    -6.3700   95    -213     15.8619
   775   12.7922    -6.3723   95    -212     15.8619
   776   12.7910    -6.3724   95    -212     15.8619
   777   12.7917    -6.3760   95    -212     15.8617
   778   12.7917    -6.3716   95    -213     15.8624
   779   12.7925    -6.3707   95    -212     15.8631
   780   12.7932    -6.3706   95    -213     15.8623
   781   12.7922    -6.3761   95    -212     15.8616
   782   12.7923    -6.3705   95    -212     15.8619
   783   12.7924    -6.3730   95    -212     15.8618
   784   12.7927    -6.3745   95    -212     15.8614
   785   12.7917    -6.3746   95    -213     15.8629
   786   12.7944    -6.3681   95    -212     15.8629
   787   12.7929    -6.3695   95    -212     15.8631
   788   12.7938    -6.3688   95    -212     15.8632
   789   12.7919    -6.3747   95    -213     15.8628
   790   12.7918    -6.3680   95    -213     15.8646
   791   12.7935    -6.3686   95    -213     15.8635
   792   12.7927    -6.3683   95    -213     15.8636
   793   12.7913    -6.3746   95    -213     15.8633
   794   12.7923    -6.3687   95    -212     15.8637
   795   12.7909    -6.3672   95    -212     15.8649
   796   12.7918    -6.3683   95    -212     15.8637
   797   12.7913    -6.3754   95    -213     15.8626
   798   12.7925    -6.3682   95    -213     15.8631
   799   12.7921    -6.3719   95    -213     15.8625
   800   12.7922    -6.3679   95    -213     15.8635
   801   12.7911    -6.3735   95    -213     15.8631
   802   12.7920    -6.3692   95    -213     15.8632
   803   12.7921    -6.3663   95    -213     15.8634
   804   12.7933    -6.3687   95    -213     15.8632
   805   12.7908    -6.3724   95    -213     15.8629
   806   12.7921    -6.3667   95    -213     15.8633
   807   12.7908    -6.3669   95    -213     15.8640
   808   12.7913    -6.3653   95    -213     15.8640
   809   12.7909    -6.3762   95    -213     15.8628
   810   12.7917    -6.3685   95    -213     15.8636
   811   12.7913    -6.3724   95    -213     15.8626
   812   12.7928    -6.3697   95    -212     15.8626
   813   12.7920    -6.3722   95    -213     15.8631
   814   12.7937    -6.3679   95    -212     15.8626
   815   12.7924    -6.3691   95    -212     15.8631
   816   12.7945    -6.3681   95    -212     15.8626
   817   12.7925    -6.3736   95    -212     15.8625
   818   12.7938    -6.3694   95    -212     15.8625
   819   12.7920    -6.3671   95    -213     15.8638
   820   12.7933    -6.3705   95    -212     15.8629
   821   12.7918    -6.3746   95    -212     15.8624
   822   12.7927    -6.3688   95    -212     15.8629
   823   12.7919    -6.3702   95    -212     15.8628
   824   12.7932    -6.3707   95    -212     15.8622
   825   12.7930    -6.3762   95    -212     15.8617
   826   12.7925    -6.3668   95    -212     15.8639
   827   12.7927    -6.3724   95    -212     15.8625
   828   12.7920    -6.3692   95    -212     15.8633
   829   12.7926    -6.3755   95    -212     15.8627
   830   12.7924    -6.3683   95    -212     15.8635
   831   12.7947    -6.3674   95    -212     15.8628
   832   12.7936    -6.3724   95    -212     15.8625
   833   12.7936    -6.3779   95    -212     15.8618
   834    0.0000    +0.0000    0      0     96.9160
   835    0.0000    +0.0000    0      0     96.9160
   836    0.0000    +0.0000    0      0     96.9160
   837    0.0000    +0.0000    0      0     96.9160
   838    0.0000    +0.0000    0      0     96.9160
   839    2.7346    -2.0829   86    -207     21.8611
   840    2.7348    -2.0822   86    -207     21.8611
   841    2.7347    -2.0841   86    -207     21.8597
   842    2.7349    -2.0823   86    -207     21.8617
   843    2.7343    -2.0825   86    -207     21.8618
   844    2.7348    -2.0818   86    -207     21.8621
   845    2.7344    -2.0841   86    -207     21.8614
   846    2.7343    -2.0839   86    -207     21.8617
   847    2.7342    -2.0837   86    -207     21.8622
   848    2.7349    -2.0839   86    -207     21.8609
   849    2.7343    -2.0841   86    -207     21.8615
   850    2.7346    -2.0831   86    -207     21.8619
   851    2.7345    -2.0835   86    -207     21.8615
   852    2.7343    -2.0837   86    -207     21.8616
   853    2.7344    -2.0833   86    -207     21.8618
   854    2.7344    -2.0837   86    -207     21.8608
   855    2.7350    -2.0828   86    -207     21.8617
   856    2.7346    -2.0829   86    -207     21.8616
   857    2.7343    -2.0845   86    -207     21.8610
   858    2.7349    -2.0846   86    -207     21.8601
   859    2.7341    -2.0841   86    -207     21.8616
   860    2.7346    -2.0844   86    -207     21.8608
   861    2.7345    -2.0844   86    -207     21.8605
   862    2.7342    -2.0841   86    -207     21.8613
   863    2.7342    -2.0851   86    -207     21.8599
   864    2.7344    -2.0838   86    -207     21.8612
   865    2.7345    -2.0846   86    -207     21.8603
   866    2.7343    -2.0837   86    -207     21.8611
   867    0.0000    +0.0000    0      0     96.9160
   868    0.0000    +0.0000    0      0     96.9160
   869    0.0000    +0.0000    0      0     96.9160
   870    0.0000    +0.0000    0      0     96.9160
   871    0.0000    +0.0000    0      0     96.9160
   872    0.0000    +0.0000    0      0     96.9160
   873    0.0000    +0.0000    0      0     96.9160
   874    0.0000    +0.0000    0      0     96.9160
   875    6.1172    -3.3469   87    -209     18.9299
   876    6.1174    -3.3454   87    -209     18.9297
   877    6.1159    -3.3480   87    -209     18.9302
   878    6.1171    -3.3442   87    -209     18.9310
   879    5.9297    -3.7202   60    -212     19.0575
   880    5.9286    -3.7222   60    -212     19.0584
   881    5.9280    -3.7186   60    -212     19.0591
   882    5.9289    -3.7136   60    -212     19.0611
   883    5.9281    -3.7140   60    -212     19.0621
   884    5.9276    -3.7166   60    -212     19.0613
   885    5.9279    -3.7185   60    -212     19.0604
   886    5.9288    -3.7142   60    -213     19.0619
   887    5.9270    -3.7121   60    -212     19.0638
   888    5.9274    -3.7147   60    -212     19.0628
   889    5.9265    -3.7166   60    -212     19.0621
   890    5.9287    -3.7158   60    -212     19.0614
   891    5.9271    -3.7142   60    -212     19.0622
   892    5.9274    -3.7166   60    -212     19.0611
   893    5.9280    -3.7164   60    -212     19.0606
   894    5.9278    -3.7169   60    -212     19.0608
   895    5.9281    -3.7159   60    -212     19.0612
   896    5.9290    -3.7155   60    -212     19.0605
   897    5.9286    -3.7172   60    -212     19.0594
   898    5.9292    -3.7155   60    -212     19.0608
   899    5.9291    -3.7150   60    -212     19.0606
   900    5.9294    -3.7148   60    -212     19.0606
   901    5.9272    -3.7164   60    -212     19.0611
   902    5.9281    -3.7141   60    -212     19.0622
   903    5.9268    -3.7159   60    -212     19.0617
   904    5.9282    -3.7150   60    -212     19.0609
   905    5.9286    -3.7173   60    -212     19.0597
   906    5.9292    -3.7152   60    -212     19.0608
   907    5.9278    -3.7144   60    -212     19.0621
   908    5.9299    -3.7140   60    -212     19.0609
   909    5.9289    -3.7180   60    -212     19.0598
   910    5.9272    -3.7157   60    -212     19.0617
   911    5.9280    -3.7144   60    -212     19.0622
   912    5.9278    -3.7158   60    -212     19.0613
   913    5.9265    -3.7169   60    -212     19.0613
   914    5.9269    -3.7173   60    -212     19.0607
   915    5.9279    -3.7162   60    -212     19.0614
   916    5.9278    -3.7149   60    -212     19.0621
   917    5.9277    -3.7148   60    -212     19.0627
   918    5.9281    -3.7146   60    -212     19.0612
   919    5.9279    -3.7146   60    -212     19.0617
   920    5.9277    -3.7143   60    -212     19.0622
   921    5.9276    -3.7162   60    -212     19.0610
   922    0.0000    +0.0000    0      0     96.9160
   923    0.0000    +0.0000    0      0     96.9160
   924    0.0000    +0.0000    0      0     96.9160
   925    0.0000    +0.0000    0      0     96.9160
   926    0.0000    +0.0000    0      0     96.9160
   927    0.0000    +0.0000    0      0     96.9160
   928    0.0000    +0.0000    0      0     96.9160
   929    0.0000    +0.0000    0      0     96.9160
   930    0.0000    +0.0000    0      0     96.9160
   931    0.0000    +0.0000    0      0     96.9160
   932    0.0000    +0.0000    0      0     96.9160
   933    0.0000    +0.0000    0      0     96.9160
   934    0.0000    +0.0000    0      0     96.9160
   935    0.0000    +0.0000    0      0     96.9160
   936    0.0000    +0.0000    0      0     96.9160
   937    0.0000    +0.0000    0      0     96.9160
   938    0.0000    +0.0000    0      0     96.9160
   939    0.0000    +0.0000    0      0     96.9160
   940    0.0000    +0.0000    0      0     96.9160
   941    0.0000    +0.0000    0      0     96.9160
   942    0.0000    +0.0000    0      0     96.9160
   943    0.0000    +0.0000    0      0     96.9160
   944    0.0000    +0.0000    0      0     96.9160
   945    0.0000    +0.0000    0      0     96.9160
   946    0.0000    +0.0000    0      0     96.9160
   947    6.7101    -4.1093   61    -211     18.5582
   948    6.7104    -4.1101   61    -211     18.5576
   949    6.7104    -4.1113   61    -211     18.5574
   950    6.7102    -4.1099   61    -211     18.5577
   951    6.7087    -4.1100   61    -211     18.5587
   952    7.3563    -0.8268  168    -186     18.7221
   953    7.3561    -0.8271  168    -186     18.7225
   954    7.3576    -0.8201  168    -186     18.7216
   955    7.3591    -0.8208  168    -186     18.7206
   956    7.3585    -0.8202  168    -186     18.7218
   957    7.3575    -0.8247  168    -187     18.7216
   958    7.3583    -0.8219  168    -186     18.7201
   959    7.3589    -0.8215  168    -186     18.7214
   960    7.3594    -0.8226  168    -186     18.7199
   961    7.3578    -0.8258  168    -186     18.7201
   962    7.3594    -0.8224  168    -186     18.7209
   963    7.3596    -0.8224  168    -186     18.7207
   964    7.3594    -0.8227  168    -186     18.7197
   965    7.3588    -0.8261  168    -186     18.7192
   966    7.3592    -0.8226  168    -186     18.7202
   967    7.3590    -0.8225  168    -186     18.7206
   968    7.3590    -0.8217  168    -186     18.7216
   969    7.3597    -0.8248  168    -187     18.7200
   970    7.3596    -0.8207  169    -187     18.7200
   971    7.3592    -0.8225  168    -187     18.7204
   972    7.3583    -0.8231  168    -187     18.7205
   973    7.3582    -0.8262  168    -187     18.7204
   974    7.3585    -0.8241  168    -187     18.7207
   975    7.3595    -0.8209  168    -187     18.7212
   976    7.3590    -0.8244  168    -187     18.7201
   977    7.3583    -0.8240  168    -186     18.7213
   978    7.3583    -0.8194  168    -186     18.7219
   979    7.3600    -0.8208  168    -186     18.7207
   980    7.3589    -0.8208  168    -186     18.7211
   981    7.3580    -0.8238  168    -186     18.7218
   982    7.3577    -0.8202  168    -186     18.7230
   983    7.3568    -0.8206  168    -186     18.7232
   984    7.3581    -0.8201  168    -186     18.7220
   985    7.3577    -0.8246  168    -186     18.7217
   986    7.3582    -0.8205  168    -186     18.7215
   987    7.3590    -0.8200  168    -186     18.7203
   988    7.3580    -0.8204  168    -186     18.7210
   989    7.3585    -0.8249  168    -186     18.7207
   990    7.3587    -0.8223  168    -186     18.7212
   991    7.3579    -0.8214  168    -186     18.7223
   992    7.3596    -0.8214  168    -187     18.7213
   993    7.3582    -0.8241  168    -186     18.7213
   994    7.3590    -0.8226  168    -186     18.7209
   995    7.3588    -0.8232  168    -186     18.7211
   996    7.3587    -0.8215  168    -186     18.7215
   997    7.3581    -0.8233  168    -186     18.7223
   998    7.3586    -0.8210  169    -186     18.7210
   999    7.3584    -0.8210  168    -186     18.7213
  1000    0.0000    +0.0000    0      0     96.9160
  1001    0.0000    +0.0000    0      0     96.9160
  1002    0.0000    +0.0000    0      0     96.9160
  1003    0.0000    +0.0000    0      0     96.9160
  1004    0.0000    +0.0000    0      0     96.9160
  1005    0.0000    +0.0000    0      0     96.9160
  1006    0.0000    +0.0000    0      0     96.9160
  1007    0.0000    +0.0000    0      0     96.9160
  1008    0.0000    +0.0000    0      0     96.9160
  1009    0.0000    +0.0000    0      0     96.9160
  1010    4.5701    -0.6811  168    -186     20.4489
  1011    4.5698    -0.6810  168    -186     20.4494
  1012    4.5694    -0.6819  168    -186     20.4496
  1013    4.5703    -0.6826  168    -186     20.4475
  1014    4.5701    -0.6805  168    -186     20.4484
  1015    4.5701    -0.6796  168    -186     20.4485
  1016    4.5698    -0.6795  168    -186     20.4491
  1017    4.5691    -0.6817  168    -186     20.4492
  1018    4.5689    -0.6807  168    -186     20.4496
  1019    4.5684    -0.6802  168    -186     20.4501
  1020    4.5688    -0.6806  168    -186     20.4503
  1021    4.5687    -0.6824  168    -186     20.4493
  1022    4.5681    -0.6822  168    -186     20.4485
  1023    4.5694    -0.6813  168    -186     20.4489
  1024    4.5687    -0.6815  168    -186     20.4501
  1025    4.5689    -0.6832  168    -186     20.4508
  1026    4.5690    -0.6813  168    -186     20.4511
  1027    4.5687    -0.6825  168    -186     20.4507
  1028    4.5687    -0.6819  168    -186     20.4501
  1029    4.5686    -0.6829  168    -186     20.4509
  1030    4.5680    -0.6831  168    -186     20.4512
  1031    4.5687    -0.6837  168    -186     20.4494
  1032    4.5689    -0.6818  168    -186     20.4506
  1033    4.5687    -0.6844  168    -186     20.4499
  1034    4.5695    -0.6814  168    -186     20.4491
  1035    4.5699    -0.6800  168    -186     20.4495
  1036    4.5701    -0.6798  168    -186     20.4498
  1037    4.5693    -0.6821  168    -186     20.4505
  1038    4.5690    -0.6801  168    -186     20.4508
  1039    4.5701    -0.6803  168    -186     20.4485
  1040    4.5697    -0.6805  168    -186     20.4491
  1041    4.5694    -0.6808  168    -186     20.4500
  1042    4.5700    -0.6792  168    -186     20.4498
  1043    4.5701    -0.6791  168    -186     20.4506
  1044    4.5700    -0.6800  168    -186     20.4500
  1045    4.5698    -0.6805  168    -186     20.4501
  1046    4.5697    -0.6814  168    -186     20.4492
  1047    4.5701    -0.6800  168    -186     20.4496
  1048    4.5695    -0.6813  168    -186     20.4486
  1049    4.5698    -0.6815  168    -186     20.4496
  1050    4.5700    -0.6797  168    -186     20.4492
  1051    4.5701    -0.6799  168    -186     20.4499
  1052    4.5703    -0.6799  168    -186     20.4493
  1053    4.5702    -0.6817  168    -186     20.4490
  1054    4.5701    -0.6818  168    -186     20.4490
  1055    4.5702    -0.6813  168    -186     20.4491
  1056    4.5703    -0.6789  168    -186     20.4498
  1057    4.5693    -0.6815  168    -186     20.4498
  1058    4.5700    -0.6792  168    -186     20.4503
  1059    4.5699    -0.6795  168    -186     20.4503
  1060    4.5696    -0.6811  168    -186     20.4499
  1061    4.5696    -0.6814  168    -186     20.4491
  1062    4.5695    -0.6812  168    -186     20.4500
  1063    4.5697    -0.6820  168    -186     20.4490
  1064    4.5694    -0.6824  168    -186     20.4490
  1065    4.1663    -0.7998   62    -152     21.8473
  1066    4.1650    -0.8016   62    -152     21.8475
  1067    4.1649    -0.8019   62    -152     21.8481
  1068    4.1669    -0.7986   62    -152     21.8468
  1069    4.1659    -0.8017   62    -152     21.8459
  1070    4.1656    -0.8019   62    -152     21.8471
  1071    4.1651    -0.8008   62    -152     21.8486
  1072    4.1650    -0.8036   62    -152     21.8453
  1073    4.1667    -0.8010   62    -152     21.8458
  1074    4.1652    -0.8009   62    -152     21.8476
  1075    0.0000    +0.0000    0      0     96.9160
  1076    0.0000    +0.0000    0      0     96.9160
  1077    0.0000    +0.0000    0      0     96.9160
  1078    0.0000    +0.0000    0      0     96.9160
  1079    0.0000    +0.0000    0      0     96.9160
  1080    0.0000    +0.0000    0      0     96.9160
  1081    0.0000    +0.0000    0      0     96.9160
  1082    0.0000    +0.0000    0      0     96.9160
  1083    0.0000    +0.0000    0      0     96.9160
  1084    0.0000    +0.0000    0      0     96.9160
  1085    0.0000    +0.0000    0      0     96.9160
  1086    0.0000    +0.0000    0      0     96.9160
  1087    0.0000    +0.0000    0      0     96.9160
  1088    0.0000    +0.0000    0      0     96.9160
  1089    0.0000    +0.0000    0      0     96.9160
  1090    0.0000    +0.0000    0      0     96.9160
  1091    0.0000    +0.0000    0      0     96.9160
  1092    0.0000    +0.0000    0      0     96.9160
  1093    0.0000    +0.0000    0      0     96.9160
  1094    0.0000    +0.0000    0      0     96.9160
  1095    0.0000    +0.0000    0      0     96.9160
  1096    0.0000    +0.0000    0      0     96.9160
  1097    0.0000    +0.0000    0      0     96.9160
  1098    2.3070    -0.3895   62    -152     24.4791
  1099    2.3080    -0.3893   62    -152     24.4780
  1100    2.3081    -0.3865   62    -152     24.4810
  1101    2.3075    -0.3882   62    -152     24.4795
  1102    2.3074    -0.3910   62    -152     24.4762
  1103    2.3073    -0.3875   62    -151     24.4812
  1104    2.3080    -0.3907   62    -152     24.4751
  1105    2.3078    -0.3912   62    -152     24.4744
  1106    2.3064    -0.3892   62    -151     24.4805
  1107    2.3075    -0.3903   62    -152     24.4765
  1108    2.3085    -0.3881   62    -152     24.4769
  1109    2.3070    -0.3897   62    -152     24.4786
  1110    2.3072    -0.3899   61    -152     24.4791
  1111    2.3071    -0.3897   62    -152     24.4795
  1112    2.3075    -0.3860   62    -151     24.4832
  1113    2.3065    -0.3865   62    -152     24.4840
  1114    2.3070    -0.3893   62    -151     24.4789
  1115    2.3072    -0.3890   62    -151     24.4792
  1116    2.3081    -0.3890   62    -152     24.4763
  1117    2.3083    -0.3882   62    -152     24.4781
  1118    2.3082    -0.3863   62    -152     24.4801
  1119    2.3077    -0.3904   62    -152     24.4765
  1120    2.3071    -0.3895   62    -151     24.4783
  1121    2.3073    -0.3901   62    -152     24.4769
  1122    0.0000    +0.0000    0      0     96.9160
  1123    0.0000    +0.0000    0      0     96.9160
  1124    0.0000    +0.0000    0      0     96.9160
  1125    0.0000    +0.0000    0      0     96.9160
  1126    0.0000    +0.0000    0      0     96.9160
  1127    0.0000    +0.0000    0      0     96.9160
  1128    0.0000    +0.0000    0      0     96.9160
  1129    0.0000    +0.0000    0      0     96.9160
  1130    0.0000    +0.0000    0      0     96.9160
  1131    0.0000    +0.0000    0      0     96.9160
  1132    0.0000    +0.0000    0      0     96.9160
  1133    0.0000    +0.0000    0      0     96.9160
  1134    0.0000    +0.0000    0      0     96.9160
  1135    0.0000    +0.0000    0      0     96.9160
  1136    1.7001    -0.3545  166    -185     24.7790
  1137    1.7001    -0.3548  166    -185     24.7792
  1138    1.7006    -0.3557  166    -185     24.7771
  1139    1.7078    -0.3322  166    -185     24.7624
  1140    1.7078    -0.3320  166    -185     24.7625
  1141    1.7084    -0.3335  166    -185     24.7613
  1142    1.7101    -0.2791  166    -185     24.7766
  1143    1.7101    -0.2791  166    -185     24.7768
  1144    1.7103    -0.2779  166    -185     24.7787
  1145    1.7074    -0.2579  167    -185     24.7967
  1146    1.7072    -0.2578  167    -185     24.7973
  1147    1.7070    -0.2585  167    -185     24.7964
  1148    1.7139    -0.2153  167    -185     24.7898
  1149    1.7139    -0.2151  167    -185     24.7896
  1150    1.7143    -0.2147  168    -185     24.7884
  1151    1.7141    -0.2148  168    -185     24.7891
  1152    1.7143    -0.2145  168    -185     24.7883
  1153    1.7143    -0.2151  168    -186     24.7866
  1154    1.7146    -0.2146  168    -185     24.7889
  1155    1.7144    -0.2150  168    -185     24.7883
  1156    1.7149    -0.2140  168    -185     24.7880
  1157    1.7149    -0.2156  168    -185     24.7885
  1158    1.7141    -0.2161  167    -185     24.7895
  1159    1.7141    -0.2145  168    -185     24.7890
  1160    1.7143    -0.2148  168    -185     24.7891
  1161    1.7139    -0.2158  168    -185     24.7903
  1162    1.7135    -0.2151  168    -185     24.7913
  1163    1.7141    -0.2153  167    -185     24.7908
  1164    1.7143    -0.2149  168    -185     24.7902
  1165    1.7140    -0.2156  168    -185     24.7910
  1166    1.7134    -0.2151  168    -185     24.7925
  1167    1.7134    -0.2155  168    -185     24.7913
  1168    1.7137    -0.2153  168    -185     24.7910
  1169    1.7142    -0.2162  168    -185     24.7897
  1170    0.0000    +0.0000    0      0     96.9160
  1171    0.0000    +0.0000    0      0     96.9160
  1172    0.0000    +0.0000    0      0     96.9160
  1173    0.0000    +0.0000    0      0     96.9160
  1174    8.1615    -0.1066  169    -186     18.3287
  1175    8.1609    -0.1088  169    -186     18.3285
  1176    8.1610    -0.1073  169    -186     18.3285
  1177    8.1601    -0.1106  169    -186     18.3284
  1178    8.1621    -0.1070  169    -186     18.3279
  1179    8.1615    -0.1059  169    -186     18.3280
  1180    8.1617    -0.1032  169    -187     18.3287
  1181    8.1614    -0.1105  169    -186     18.3284
  1182    8.1622    -0.1064  169    -187     18.3279
  1183    8.1618    -0.1060  169    -186     18.3287
  1184    8.1630    -0.1080  170    -186     18.3272
  1185    8.1611    -0.1106  169    -186     18.3288
  1186    8.1621    -0.1082  169    -186     18.3277
  1187    8.1609    -0.1082  169    -186     18.3287
  1188    8.1620    -0.1065  170    -186     18.3281
  1189    8.1615    -0.1103  169    -186     18.3289
  1190    8.1618    -0.1067  169    -186     18.3285
  1191    8.1619    -0.1062  169    -186     18.3282
  1192    8.1614    -0.1066  169    -186     18.3281
  1193    8.1619    -0.1082  169    -186     18.3289
  1194    8.1630    -0.1081  169    -186     18.3264
  1195    8.1624    -0.1051  169    -186     18.3278
  1196    8.1621    -0.1063  169    -186     18.3273
  1197    8.1619    -0.1092  169    -186     18.3277
  1198    8.1618    -0.1041  169    -186     18.3286
  1199    8.1621    -0.1067  169    -186     18.3282
  1200    8.1630    -0.1075  169    -186     18.3275
  1201    8.1620    -0.1086  169    -186     18.3274
  1202    8.1604    -0.1064  169    -186     18.3285
  1203    8.1604    -0.1060  169    -186     18.3291
  1204    8.1612    -0.1056  170    -186     18.3285
  1205    8.1613    -0.1090  169    -187     18.3277
  1206    8.1622    -0.1050  169    -187     18.3286
  1207    8.1615    -0.1057  169    -187     18.3278
  1208    8.1611    -0.1063  169    -187     18.3281
  1209    8.1612    -0.1094  169    -187     18.3272
  1210    8.1612    -0.1068  169    -186     18.3271
  1211    8.1607    -0.1066  169    -186     18.3283
  1212    8.1620    -0.1060  169    -186     18.3279
  1213    8.1597    -0.1108  169    -186     18.3284
  1214    8.1616    -0.1061  170    -186     18.3272
  1215    8.1621    -0.1073  170    -186     18.3269
  1216    8.1619    -0.1090  170    -186     18.3280
  1217    8.1614    -0.1077  170    -187     18.3291
  1218    8.1631    -0.1055  170    -186     18.3281
  1219    8.1630    -0.1064  170    -187     18.3284
  1220    8.1639    -0.1059  170    -187     18.3280
  1221    8.1626    -0.1093  170    -187     18.3278
  1222    8.1631    -0.1035  170    -187     18.3293
  1223    8.1627    -0.1075  170    -187     18.3276
  1224    8.1633    -0.1070  170    -187     18.3281
  1225    0.0000    +0.0000    0      0     96.9160
  1226    0.0000    +0.0000    0      0     96.9160
  1227    0.0000    +0.0000    0      0     96.9160
  1228    0.0000    +0.0000    0      0     96.9160
  1229   11.5309    -0.6250  170    -190     16.9439
  1230   11.5327    -0.6183  170    -190     16.9444
  1231   11.5318    -0.6203  170    -190     16.9440
  1232   11.5311    -0.6188  170    -190     16.9451
  1233   11.5306    -0.6229  170    -190     16.9449
  1234   11.5319    -0.6225  170    -190     16.9443
  1235   11.5324    -0.6206  170    -190     16.9439
  1236   11.5302    -0.6215  170    -190     16.9457
  1237   11.5301    -0.6247  170    -190     16.9448
  1238   11.5322    -0.6183  170    -190     16.9447
  1239   11.5303    -0.6202  170    -190     16.9452
  1240   11.5296    -0.6204  170    -190     16.9459
  1241   11.5289    -0.6257  170    -190     16.9452
  1242   11.5300    -0.6176  170    -190     16.9463
  1243   11.5303    -0.6188  170    -190     16.9448
  1244   11.5303    -0.6178  170    -190     16.9449
  1245   11.5276    -0.6231  170    -190     16.9463
  1246   11.5294    -0.6199  170    -190     16.9460
  1247   11.5288    -0.6203  170    -190     16.9459
  1248   11.5309    -0.6156  170    -190     16.9454
  1249   11.5286    -0.6224  170    -190     16.9455
  1250   11.5298    -0.6201  170    -190     16.9455
  1251   11.5299    -0.6200  170    -190     16.9456
  1252   11.5307    -0.6216  170    -190     16.9443
  1253   11.5295    -0.6236  170    -190     16.9452
  1254   11.5302    -0.6210  170    -190     16.9448
  1255   11.5290    -0.6221  170    -190     16.9454
  1256   11.5300    -0.6211  170    -190     16.9449
  1257   11.5290    -0.6235  170    -190     16.9454
  1258   11.5292    -0.6226  170    -190     16.9455
  1259   11.5284    -0.6229  170    -190     16.9455
  1260   11.5307    -0.6215  170    -190     16.9449
  1261   11.5285    -0.6240  170    -190     16.9449
  1262   11.5291    -0.6226  170    -190     16.9444
  1263   11.5299    -0.6208  170    -190     16.9452
  1264   11.5278    -0.6249  170    -190     16.9455
  1265   11.5272    -0.6251  169    -190     16.9457
  1266   11.5292    -0.6190  169    -190     16.9454
  1267   11.5295    -0.6199  169    -190     16.9449
  1268   11.5287    -0.6206  169    -190     16.9454
  1269   11.5265    -0.6236  169    -190     16.9460
  1270   11.5279    -0.6185  169    -190     16.9458
  1271   11.5256    -0.6196  169    -190     16.9469
  1272   11.5291    -0.6173  169    -190     16.9446
  1273   11.5280    -0.6236  169    -190     16.9451
  1274   11.5281    -0.6197  170    -190     16.9454
  1275   11.5284    -0.6209  170    -190     16.9456
  1276   11.5287    -0.6205  169    -190     16.9459
  1277   11.5276    -0.6227  170    -190     16.9461
  1278   11.5287    -0.6186  170    -190     16.9454
  1279   11.5274    -0.6215  169    -190     16.9456
  1280   11.5295    -0.6205  169    -190     16.9448
  1281   11.5289    -0.6226  170    -190     16.9448
  1282   11.5287    -0.6212  169    -190     16.9448
  1283   11.5283    -0.6206  169    -190     16.9459
  1284   11.5292    -0.6208  169    -190     16.9452
  1285   11.5281    -0.6223  169    -190     16.9456
  1286   11.5282    -0.6216  170    -190     16.9450
  1287   11.5274    -0.6214  170    -190     16.9456
  1288   11.5281    -0.6176  170    -190     16.9459
  1289   11.5271    -0.6248  169    -190     16.9457
  1290   11.5278    -0.6220  169    -190     16.9453
  1291   11.5288    -0.6226  169    -190     16.9445
  1292   11.5296    -0.6226  169    -190     16.9441
  1293   11.5282    -0.6234  169    -190     16.9451
  1294   11.5281    -0.6200  169    -190     16.9450
  1295   11.5284    -0.6206  169    -190     16.9450
  1296   11.5274    -0.6194  169    -191     16.9460
  1297    0.0000    +0.0000    0      0     96.9160
  1298    0.0000    +0.0000    0      0     96.9160
  1299    0.0000    +0.0000    0      0     96.9160
  1300    0.0000    +0.0000    0      0     96.9160
  1301    0.0000    +0.0000    0      0     96.9160
  1302    0.0000    +0.0000    0      0     96.9160
  1303    0.0000    +0.0000    0      0     96.9160
  1304   12.6166    -0.9976  169    -191     16.5810
  1305   12.6173    -0.9978  169    -191     16.5809
  1306   12.6190    -0.9950  169    -191     16.5798
  1307   12.6190    -0.9962  169    -191     16.5802
  1308   12.6160    -0.9971  169    -191     16.5807
  1309   11.5980    -3.3248   60    -190     17.1957
  1310   11.5998    -3.3230   61    -190     17.1951
  1311   11.6000    -3.3236   60    -190     17.1948
  1312   11.5977    -3.3271   60    -190     17.1948
  1313   11.5977    -3.3262   60    -189     17.1952
  1314   11.6013    -3.3199   61    -189     17.1953
  1315   11.6009    -3.3240   61    -189     17.1946
  1316   11.6006    -3.3207   61    -189     17.1953
  1317   11.5975    -3.3259   61    -189     17.1951
  1318   11.5993    -3.3246   61    -189     17.1950
  1319   11.5980    -3.3261   61    -189     17.1951
  1320   11.5964    -3.3253   61    -189     17.1960
  1321   11.5996    -3.3239   61    -189     17.1950
  1322   11.5989    -3.3217   61    -189     17.1957
  1323   11.5980    -3.3270   61    -189     17.1952
  1324   11.6000    -3.3222   60    -189     17.1957
  1325   11.5995    -3.3249   60    -189     17.1950
  1326   11.6002    -3.3221   61    -189     17.1954
  1327   11.5984    -3.3245   61    -189     17.1952
  1328   11.5985    -3.3244   61    -189     17.1952
  1329   11.5972    -3.3285   61    -189     17.1945
  1330   11.5982    -3.3230   61    -189     17.1959
  1331   11.5975    -3.3262   61    -189     17.1956
  1332   11.5972    -3.3216   60    -189     17.1964
  1333   11.5979    -3.3237   61    -189     17.1957
  1334   11.5999    -3.3226   61    -189     17.1951
  1335   11.5980    -3.3226   60    -189     17.1960
  1336   11.5977    -3.3239   61    -189     17.1952
  1337   11.5974    -3.3252   60    -189     17.1957
  1338   11.5981    -3.3243   61    -189     17.1955
  1339   11.6000    -3.3231   61    -189     17.1951
  1340   11.5992    -3.3238   61    -189     17.1953
  1341   11.5978    -3.3263   61    -189     17.1945
  1342   11.5977    -3.3242   61    -189     17.1956
  1343   11.5970    -3.3263   60    -189     17.1956
  1344   11.5994    -3.3246   61    -189     17.1951
  1345   11.5974    -3.3249   61    -189     17.1960
  1346   11.6008    -3.3187   61    -189     17.1961
  1347   11.5977    -3.3229   61    -189     17.1963
  1348   11.5994    -3.3254   60    -189     17.1949
  1349   11.5968    -3.3267   61    -189     17.1955
  1350   11.6004    -3.3192   61    -189     17.1957
  1351   11.5989    -3.3221   61    -189     17.1956
  1352   11.5974    -3.3254   61    -189     17.1954
  1353   11.5981    -3.3267   61    -189     17.1951
  1354   11.5988    -3.3249   60    -189     17.1954
  1355   11.6002    -3.3235   61    -189     17.1947
  1356   11.5963    -3.3231   61    -189     17.1964
  1357   11.5996    -3.3255   61    -189     17.1949
  1358   11.5962    -3.3278   61    -189     17.1953
  1359   11.6016    -3.3237   61    -189     17.1941
  1360   11.5997    -3.3229   61    -189     17.1950
  1361   11.5980    -3.3285   61    -190     17.1942
  1362   11.6000    -3.3229   60    -190     17.1951
  1363   11.6006    -3.3226   61    -190     17.1955
  1364   11.5997    -3.3216   61    -190     17.1955
  1365   11.5983    -3.3264   61    -190     17.1949
  1366   11.5992    -3.3223   61    -190     17.1958
  1367   11.5982    -3.3255   60    -190     17.1953
  1368   11.5986    -3.3214   61    -190     17.1962
  1369   11.5975    -3.3224   61    -190     17.1961
  1370   11.5999    -3.3223   61    -190     17.1953
  1371   11.5979    -3.3222   60    -190     17.1963
  1372   11.5994    -3.3208   61    -190     17.1961
  1373   11.5968    -3.3271   61    -190     17.1953
  1374   11.5976    -3.3259   61    -190     17.1953
  1375   11.5981    -3.3230   60    -190     17.1961
  1376   11.6007    -3.3210   61    -190     17.1952
  1377   11.5981    -3.3257   61    -190     17.1947
  1378   11.6014    -3.3222   61    -190     17.1951
  1379   11.6001    -3.3233   61    -190     17.1951
  1380   11.5979    -3.3257   61    -190     17.1953
  1381   11.5963    -3.3282   61    -190     17.1952
  1382   11.5983    -3.3238   61    -190     17.1958
  1383   11.6008    -3.3246   60    -190     17.1943
  1384   11.5972    -3.3258   61    -190     17.1958
  1385   11.5965    -3.3291   61    -190     17.1950
  1386   11.5992    -3.3234   61    -190     17.1956
  1387   11.5976    -3.3240   60    -190     17.1960
  1388   11.5993    -3.3245   60    -190     17.1955
  1389   11.5985    -3.3238   61    -190     17.1959
  1390   11.5991    -3.3237   61    -190     17.1951
  1391   11.5980    -3.3270   61    -190     17.1951
  1392   11.5975    -3.3249   61    -190     17.1957
  1393   11.5979    -3.3261   61    -190     17.1953
  1394   11.5981    -3.3242   61    -190     17.1958
  1395   11.5983    -3.3294   61    -190     17.1939
  1396   11.5984    -3.3252   61    -190     17.1949
  1397   11.5980    -3.3259   61    -190     17.1952
  1398   11.5983    -3.3261   61    -190     17.1947
  1399   11.5988    -3.3227   61    -190     17.1956
  1400   11.5983    -3.3217   60    -190     17.1962
  1401   11.5992    -3.3242   61    -190     17.1953
  1402   11.6013    -3.3199   61    -190     17.1954
  1403   11.5972    -3.3268   61    -190     17.1952
  1404   11.5981    -3.3274   61    -190     17.1949
  1405   11.5981    -3.3268   61    -190     17.1950
  1406   11.5983    -3.3251   61    -190     17.1951
  1407   11.5998    -3.3227   60    -190     17.1955
  1408   11.5993    -3.3229   60    -190     17.1956
  1409    0.0000    +0.0000    0      0     96.9160
  1410    0.0000    +0.0000    0      0     96.9160
  1411    0.0000    +0.0000    0      0     96.9160
  1412    0.0000    +0.0000    0      0     96.9160
  1413    0.0000    +0.0000    0      0     96.9160
  1414    0.0000    +0.0000    0      0     96.9160
  1415    0.0000    +0.0000    0      0     96.9160
  1416    0.0000    +0.0000    0      0     96.9160
  1417    0.0000    +0.0000    0      0     96.9160
  1418    0.0000    +0.0000    0      0     96.9160
  1419    0.0000    +0.0000    0      0     96.9160
  1420    9.9990    -2.9665   59    -189     17.8009
  1421    9.8430    -6.2642   53    -202     16.7968
  1422    9.8745    -6.0029   57    -201     16.8740
  1423    9.9194    -5.6221   60    -199     16.9853
  1424    9.9782    -5.1980   60    -198     17.0980
  1425   10.0264    -4.8389   61    -196     17.1918
  1426   10.0464    -4.6963   63    -196     17.2267
  1427   10.0249    -4.8547   61    -196     17.1855
  1428    9.9794    -5.2200   59    -198     17.0895
  1429    9.9244    -5.6636   59    -199     16.9675
  1430    9.8815    -6.0483   58    -202     16.8539
  1431    9.8589    -6.3243   54    -203     16.7658
  1432    9.8485    -6.4130   53    -203     16.7388
  1433    9.8455    -6.4142   53    -203     16.7395
  1434    9.8447    -6.4077   53    -202     16.7425
  1435    9.8405    -6.4150   53    -202     16.7428
  1436    9.8381    -6.4191   53    -203     16.7419
  1437    9.8356    -6.4355   53    -202     16.7373
  1438    9.8406    -6.4227   53    -202     16.7385
  1439    0.0000    +0.0000    0      0     96.9160



Total frames processed: 1440

                           Minimum   Average   Maximum
Mean Absolute Deviation:    0.0000    6.5903   16.0657
         Mean Deviation:  -15.8097   -2.1206   +6.6888
                   PSNR:   13.5274   36.5732   96.9160
           Overall PSNR:   18.8788
